71-F-31/71-14
71-F-31/71-24
71-F-31/71-8
71-F-31/71-16
71-F-31/71-12
71-F-31/71-26
71-F-31/71-19
71-F-31/71-20
71-F-31/71-6
71-F-31/71-22
71-F-31/71-21
71-F-31/71-13
71-F-31/71-10
71-F-31/71-5
71-F-31/71-9
71-F-31/71-3
71-F-31/71-15
71-F-31/71-23
71-F-31/71-25
71-F-31/71-17
71-F-31/71-7
71-F-31/71-18
71-F-31/71-2
71-F-31/71-4
71-F-31/71
71-F-31/71-11
802-M-28/802-2
802-M-28/802-10
802-M-28/802-9
802-M-28/802-5
802-M-28/802-6
802-M-28/802-8
802-M-28/802-3
802-M-28/802-11
802-M-28/802
802-M-28/802-4
802-M-28/802-7
802-M-28/802-13
802-M-28/802-12
777-F-30/777-17
777-F-30/777
777-F-30/777-4
777-F-30/777-13
777-F-30/777-11
777-F-30/777-15
777-F-30/777-2
777-F-30/777-7
777-F-30/777-8
777-F-30/777-16
777-F-30/777-18
777-F-30/777-10
777-F-30/777-6
777-F-30/777-14
777-F-30/777-3
777-F-30/777-5
777-F-30/777-9
777-F-30/777-12
528-M-32/528-10
528-M-32/528-15
528-M-32/528-14
528-M-32/528-24
528-M-32/528-18
528-M-32/528-22
528-M-32/528-19
528-M-32/528-17
528-M-32/528-11
528-M-32/528-27-3
528-M-32/528-9
528-M-32/528-26
528-M-32/528-20
528-M-32/528-12
528-M-32/528-21
528-M-32/528-3
528-M-32/528
528-M-32/528-13
528-M-32/528-28
528-M-32/528-23
528-M-32/528-4
528-M-32/528-25
528-M-32/528-16
65-F-30/65-19
65-F-30/65-6
65-F-30/65-22
65-F-30/65-2
65-F-30/65-14
65-F-30/65
65-F-30/65-7
65-F-30/65-20
65-F-30/65-21
65-F-30/65-3
65-F-30/65-16
65-F-30/65-11
65-F-30/65-4
65-F-30/65-5
65-F-30/65-10
65-F-30/65-15
65-F-30/65-18
65-F-30/65-17
65-F-30/65-23
65-F-30/65-12
65-F-30/65-8
65-F-30/65-13
65-F-30/65-9
569-M-28/569-29
569-M-28/569-33
569-M-28/569-16
569-M-28/569-19
569-M-28/569-24
569-M-28/569-13
569-M-28/569-10
569-M-28/569-9
569-M-28/569-37
569-M-28/569-28
569-M-28/569-27
569-M-28/569-M-28
569-M-28/569-11
569-M-28/569-2
569-M-28/569-22
569-M-28/569-21
569-M-28/569-35
569-M-28/569-15
569-M-28/569-31
569-M-28/569-14
569-M-28/569-7
569-M-28/569-20
569-M-28/569-38
569-M-28/569-39
569-M-28/569-4
569-M-28/569-30
569-M-28/569-8
569-M-28/569-12
569-M-28/569-3
569-M-28/569-32
569-M-28/569-5
569-M-28/569-18
569-M-28/569-23
569-M-28/569-26
569-M-28/569-34
569-M-28/569-25
569-M-28/569-17
569-M-28/569-36
658-M-43/658-17
658-M-43/658-8
658-M-43/658-14
658-M-43/658-25
658-M-43/658-15
658-M-43/658-4
658-M-43/658-20
658-M-43/658
658-M-43/658-28
658-M-43/658-7
658-M-43/658-23
658-M-43/658-30
658-M-43/658-26
658-M-43/658-10
658-M-43/658-M-43
658-M-43/658-29
658-M-43/658-16
658-M-43/658-19
658-M-43/658-2
658-M-43/658-27
658-M-43/658-9
658-M-43/658-22
658-M-43/658-6
658-M-43/658-18
658-M-43/658-24
658-M-43/658-11
658-M-43/658-13
658-M-43/658-12
658-M-43/658-5
658-M-43/658-21
658-M-43/658-3
88-M-33/88-20
88-M-33/88-18
88-M-33/88-12
88-M-33/88-11
88-M-33/88-7
88-M-33/88-14
88-M-33/88-19
88-M-33/88-2
88-M-33/88-10
88-M-33/88-9
88-M-33/88-3
88-M-33/88-6
88-M-33/88-5
88-M-33/88-21
88-M-33/88-8
88-M-33/88-17
88-M-33/88-16
88-M-33/88
88-M-33/88-13
88-M-33/88-4
88-M-33/88-15
738-M-30/738-8
738-M-30/738-7
738-M-30/738-5
738-M-30/738-12
738-M-30/738-3
738-M-30/738-11
738-M-30/738-6
738-M-30/738-9
738-M-30/738
738-M-30/738-4
738-M-30/738-2
738-M-30/738-10
738-M-30/738-13
606-F-33/606-12
606-F-33/606-10
606-F-33/606-7
606-F-33/606
606-F-33/606-9
606-F-33/606-F-33
606-F-33/606-13
606-F-33/606-15
606-F-33/606-6
606-F-33/606-14
606-F-33/606-8
606-F-33/606-11
606-F-33/606-5
606-F-33/606-3
606-F-33/606-2
606-F-33/606-16
606-F-33/606-4
601-F-27/601-F-25
601-F-27/601-13
601-F-27/601-3
601-F-27/601-21
601-F-27/601-5
601-F-27/601-4
601-F-27/601-20
601-F-27/601-10
601-F-27/601-25
601-F-27/601-17
601-F-27/601-15
601-F-27/601-26
601-F-27/601-23
601-F-27/601-14
601-F-27/601-28
601-F-27/601-27
601-F-27/601-19
601-F-27/601-9
601-F-27/601-6
601-F-27/601-16
601-F-27/601
601-F-27/601-11
601-F-27/601-8
601-F-27/601-2
601-F-27/601-22
601-F-27/601-29
601-F-27/601-24
601-F-27/601-18
601-F-27/601-12
601-F-27/601-7
582-M-27/582-13
582-M-27/582-6
582-M-27/582-17
582-M-27/582-3
582-M-27/582-10
582-M-27/582-19
582-M-27/582-20
582-M-27/582-11
582-M-27/582
582-M-27/582-8
582-M-27/582-16
582-M-27/582-9
582-M-27/582-14
582-M-27/582-18
582-M-27/582-7
582-M-27/582-4
582-M-27/582-M-27
582-M-27/582-2
582-M-27/582-15
582-M-27/582-12
582-M-27/582-5
85-F-25/85-14
85-F-25/85-19
85-F-25/85-22
85-F-25/85-9
85-F-25/85-2
85-F-25/85-7
85-F-25/85-15
85-F-25/85-16
85-F-25/85-23
85-F-25/85-4
85-F-25/85-12
85-F-25/85-8
85-F-25/85-17
85-F-25/85-11
85-F-25/85-3
85-F-25/85-20
85-F-25/85-13
85-F-25/85-21
85-F-25/85-18
85-F-25/85-5
85-F-25/85-10
85-F-25/85-6
85-F-25/85
612-M-30/612-21
612-M-30/612-6
612-M-30/612-25
612-M-30/612-8
612-M-30/612-11
612-M-30/612-5
612-M-30/612-4
612-M-30/612-19
612-M-30/612-13
612-M-30/612-3
612-M-30/612-14
612-M-30/612-22
612-M-30/612-12
612-M-30/612-10
612-M-30/612-17
612-M-30/612
612-M-30/612-M-30
612-M-30/612-20
612-M-30/612-2
612-M-30/612-7
612-M-30/612-9
612-M-30/612-16
612-M-30/612-15
612-M-30/612-24
612-M-30/612-18
612-M-30/612-23
51-F-30/51-23
51-F-30/51
51-F-30/51-2
51-F-30/51-19
51-F-30/51-11
51-F-30/51-9
51-F-30/51-24
51-F-30/51-17
51-F-30/51-14
51-F-30/51-12
51-F-30/51-10
51-F-30/51-13
51-F-30/51-5
51-F-30/51-20
51-F-30/51-25
51-F-30/51-22
51-F-30/51-8
51-F-30/51-6
51-F-30/51-7
51-F-30/51-16
51-F-30/51-4
51-F-30/51-21
51-F-30/51-3
51-F-30/51-18
51-F-30/51-15
603-M-39/603-26
603-M-39/603-2
603-M-39/603-28
603-M-39/603-15
603-M-39/603-20
603-M-39/603-6
603-M-39/603-24
603-M-39/603-8
603-M-39/603-13
603-M-39/603-3
603-M-39/603-19
603-M-39/603-5
603-M-39/603-12
603-M-39/603-27
603-M-39/603-7
603-M-39/603
603-M-39/603-23
603-M-39/603-16
603-M-39/603-30
603-M-39/603-32
603-M-39/603-9
603-M-39/603-14
603-M-39/603-10
603-M-39/603-29
603-M-39/603-25
603-M-39/603-17
603-M-39/603-18
603-M-39/603-22
603-M-39/603-11
603-M-39/603-21
603-M-39/603-31
603-M-39/603-4
564-M-30/564
564-M-30/564-15
564-M-30/564-28
564-M-30/564-M-30
564-M-30/564-8
564-M-30/564-17
564-M-30/564-12
564-M-30/564-11
564-M-30/564-10
564-M-30/564-21
564-M-30/564-27
564-M-30/564-7
564-M-30/564-5
564-M-30/564-16
564-M-30/564-6
564-M-30/564-22
564-M-30/564-9
564-M-30/564-23
564-M-30/564-31
564-M-30/564-14
564-M-30/564-18
564-M-30/564-26
564-M-30/564-20
564-M-30/564-25
564-M-30/564-19
564-M-30/564-30
564-M-30/564-13
564-M-30/564-29
564-M-30/564-24
511-F-29/511-15
511-F-29/511
511-F-29/511-14
511-F-29/511-19
511-F-29/511-8
511-F-29/511-11
511-F-29/511-6
511-F-29/511-13
511-F-29/511-10
511-F-29/511-18
511-F-29/511-22
511-F-29/511-21
511-F-29/511-17
511-F-29/511-20
511-F-29/511-4
511-F-29/511-5
511-F-29/511-2
511-F-29/511-23
511-F-29/511-12
511-F-29/511-16
511-F-29/511-3
511-F-29/511-9
511-F-29/511-7
625-F-33/625-4
625-F-33/625-19
625-F-33/625-7
625-F-33/625-21
625-F-33/625-12
625-F-33/625-17
625-F-33/625-9
625-F-33/625-31
625-F-33/625-22
625-F-33/625-30
625-F-33/625-32
625-F-33/625-10
625-F-33/625-F-33
625-F-33/625-25
625-F-33/625-5
625-F-33/625-2
625-F-33/625
625-F-33/625-28
625-F-33/625-16
625-F-33/625-20
625-F-33/625-8
625-F-33/625-6
625-F-33/625-18
625-F-33/625-11
625-F-33/625-27
625-F-33/625-15
625-F-33/625-29
625-F-33/625-26
625-F-33/625-24
625-F-33/625-13
625-F-33/625-14
625-F-33/625-23
625-F-33/625-3
499-F-29/499-25
499-F-29/499-8-2
499-F-29/499-12
499-F-29/499-23
499-F-29/499-28
499-F-29/499-9
499-F-29/499-19
499-F-29/499-11
499-F-29/499-2
499-F-29/499-5
499-F-29/499-4
499-F-29/499-13
499-F-29/499-17
499-F-29/499-20
499-F-29/499-6
499-F-29/499-24
499-F-29/499-22-2
499-F-29/499-21
499-F-29/499-10
499-F-29/499-26
499-F-29/499-18
499-F-29/499
499-F-29/499-7
499-F-29/499-14
499-F-29/499-15
499-F-29/499-16
499-F-29/499-27
669-F-27/669-7
669-F-27/669-21
669-F-27/669-23
669-F-27/669-16
669-F-27/669-8
669-F-27/669-27
669-F-27/669-13
669-F-27/669-28
669-F-27/669-4
669-F-27/669-19
669-F-27/669-24
669-F-27/669-10
669-F-27/669-17
669-F-27/669-2
669-F-27/669-29
669-F-27/669-26
669-F-27/669-9
669-F-27/669-6
669-F-27/669-5
669-F-27/669-15
669-F-27/669-25
669-F-27/669-20
669-F-27/669-22
669-F-27/669-11
669-F-27/669-14
669-F-27/669-12
669-F-27/669-18
669-F-27/669
806-M-32/806-13
806-M-32/806-9
806-M-32/806-8
806-M-32/806-26
806-M-32/806-23
806-M-32/806-22
806-M-32/806-19
806-M-32/806-21
806-M-32/806-12
806-M-32/806-11
806-M-32/806-6
806-M-32/806-20
806-M-32/806-5
806-M-32/806-7
806-M-32/806-3
806-M-32/806-16
806-M-32/806-10
806-M-32/806-17
806-M-32/806-25
806-M-32/806-15
806-M-32/806-2
806-M-32/806-18
806-M-32/806-14
806-M-32/806-4
806-M-32/806-24
806-M-32/806
624-M-35/624-23
624-M-35/624-28
624-M-35/624-20
624-M-35/624-13
624-M-35/624-16
624-M-35/624-18
624-M-35/624-4
624-M-35/624-32
624-M-35/624-29
624-M-35/624-6
624-M-35/624-12
624-M-35/624-11
624-M-35/624-15
624-M-35/624-14
624-M-35/624-21
624-M-35/624-19
624-M-35/624-30
624-M-35/624-17
624-M-35/624-27
624-M-35/624-8
624-M-35/624-22
624-M-35/624-M-35
624-M-35/624-26
624-M-35/624-31
624-M-35/624-9
624-M-35/624-7
624-M-35/624-10
624-M-35/624
624-M-35/624-5
624-M-35/624-3
624-M-35/624-25
624-M-35/624-2
624-M-35/624-24
512-M-34/512-4
512-M-34/512-23
512-M-34/512-16
512-M-34/512-31
512-M-34/512-7
512-M-34/512-12
512-M-34/512-11
512-M-34/512-45
512-M-34/512-17
512-M-34/512-32
512-M-34/512-29
512-M-34/512-19
512-M-34/512-41
512-M-34/512-27
512-M-34/512-2
512-M-34/512-30
512-M-34/512-6
512-M-34/512-18-2
512-M-34/512-26
512-M-34/512-14
512-M-34/512-9
512-M-34/512-42
512-M-34/512-39
512-M-34/512-25
512-M-34/512-13
512-M-34/512-8
512-M-34/512-20
512-M-34/512-43
512-M-34/512-38
512-M-34/512-22
512-M-34/512-40
512-M-34/512
512-M-34/512-24
512-M-34/512-21
512-M-34/512-44
512-M-34/512-36
512-M-34/512-15
512-M-34/512-5
512-M-34/512-37
465-F-27/465-2
465-F-27/465-32
465-F-27/465-16
465-F-27/465-28
465-F-27/465-8
465-F-27/465-3
465-F-27/465-13
465-F-27/465-26
465-F-27/465-4
465-F-27/465-24
465-F-27/465-33
465-F-27/465-14
465-F-27/465-17
465-F-27/465-34
465-F-27/465-5
465-F-27/465-30
465-F-27/465-12
465-F-27/465-11
465-F-27/465-23
465-F-27/465-22
465-F-27/465-19
465-F-27/465-6
465-F-27/465-7
465-F-27/465-10
465-F-27/465-18
465-F-27/465-9
465-F-27/465
465-F-27/465-27
465-F-27/465-31
465-F-27/465-35
465-F-27/465-25
465-F-27/465-20
465-F-27/465-15
465-F-27/465-29
465-F-27/465-21
98-M-31/98-16
98-M-31/98-7
98-M-31/98-4
98-M-31/98-2
98-M-31/98-17
98-M-31/98-9
98-M-31/98-6
98-M-31/98-3
98-M-31/98
98-M-31/98-8
98-M-31/98-5
98-M-31/98-11
98-M-31/98-10
98-M-31/98-15
98-M-31/98-19
98-M-31/98-13
98-M-31/98-14
98-M-31/98-12
98-M-31/98-18
766-M-26/766-15
766-M-26/766-18
766-M-26/766-27
766-M-26/766-10
766-M-26/766-25
766-M-26/766-2
766-M-26/766-13
766-M-26/766-22
766-M-26/766-11
766-M-26/766-16
766-M-26/766-14
766-M-26/766-3
766-M-26/766-26
766-M-26/766-8
766-M-26/766-21
766-M-26/766-19
766-M-26/766
766-M-26/766-9
766-M-26/766-24
766-M-26/766-23
766-M-26/766-6
766-M-26/766-5
766-M-26/766-7
766-M-26/766-20
766-M-26/766-12
766-M-26/766-4
766-M-26/766-17
454-M-25/454-29
454-M-25/454-46
454-M-25/454-45
454-M-25/454-24
454-M-25/454-35
454-M-25/454-4
454-M-25/454-9
454-M-25/454-43
454-M-25/454-3
454-M-25/454-48
454-M-25/454-25
454-M-25/454-17
454-M-25/454-19
454-M-25/454-47
454-M-25/454-37
454-M-25/454-13
454-M-25/454-44
454-M-25/454-32
454-M-25/454-42
454-M-25/454-11
454-M-25/454-30
454-M-25/454-20
454-M-25/454-12
454-M-25/454-16
454-M-25/454-2
454-M-25/454-33
454-M-25/454-50
454-M-25/454-27
454-M-25/454
454-M-25/454-18
454-M-25/454-26
454-M-25/454-34
454-M-25/454-14
454-M-25/454-41
454-M-25/454-7
454-M-25/454-40
454-M-25/454-39
454-M-25/454-8
454-M-25/454-38
454-M-25/454-23
454-M-25/454-22
454-M-25/454-5
454-M-25/454-6
454-M-25/454-28
454-M-25/454-10
454-M-25/454-15
454-M-25/454-21
454-M-25/454-49
454-M-25/454-36
454-M-25/454-31
707-F-35/707-2
707-F-35/707-15
707-F-35/707-10
707-F-35/707-9
707-F-35/707-12
707-F-35/707-5
707-F-35/707-18
707-F-35/707-14
707-F-35/707-8
707-F-35/707-4
707-F-35/707-13
707-F-35/707-6
707-F-35/707-1
707-F-35/707-11
707-F-35/707-7
707-F-35/707-3
768-M-30/768-4
768-M-30/768-10
768-M-30/768-2
768-M-30/768-5
768-M-30/768-11
768-M-30/768-14
768-M-30/768-3
768-M-30/768-12
768-M-30/768
768-M-30/768-7
768-M-30/768-8
768-M-30/768-13
768-M-30/768-6
768-M-30/768-9
748-M-29/748-15
748-M-29/748-4
748-M-29/748-5
748-M-29/748
748-M-29/748-8
748-M-29/748-14
748-M-29/748-10
748-M-29/748-11
748-M-29/748-9
748-M-29/748-13
748-M-29/748-3
748-M-29/748-6
748-M-29/748-7
748-M-29/748-2
748-M-29/748-12
568-F-28/568-8
568-F-28/568-4
568-F-28/568-11
568-F-28/568-15
568-F-28/568-7
568-F-28/568-6
568-F-28/568-F-28
568-F-28/568
568-F-28/568-2
568-F-28/568-9
568-F-28/568-14
568-F-28/568-17
568-F-28/568-12
568-F-28/568-5
568-F-28/568-3
568-F-28/568-10
568-F-28/568-16
568-F-28/568-13
458-M-34/458-23
458-M-34/458-6
458-M-34/458-30
458-M-34/458-13
458-M-34/458-31
458-M-34/458-24
458-M-34/458-12
458-M-34/458-10
458-M-34/458-26
458-M-34/458-2
458-M-34/458-17
458-M-34/458-15
458-M-34/458-29
458-M-34/458-3
458-M-34/458-5
458-M-34/458-32
458-M-34/458-8
458-M-34/458-25
458-M-34/458-7
458-M-34/458-22
458-M-34/458-27
458-M-34/458-4
458-M-34/458-9
458-M-34/458-11
458-M-34/458-20
458-M-34/458
458-M-34/458-18
458-M-34/458-16
458-M-34/458-28
458-M-34/458-21
458-M-34/458-14
458-M-34/458-19
584-M-35/584-16
584-M-35/584-7
584-M-35/584-3
584-M-35/584-8
584-M-35/584-20
584-M-35/584-15
584-M-35/584-19
584-M-35/584
584-M-35/584-5
584-M-35/584-12
584-M-35/584-14
584-M-35/584-18
584-M-35/584-23
584-M-35/584-4
584-M-35/584-11
584-M-35/584-13
584-M-35/584-M-35
584-M-35/584-2
584-M-35/584-21
584-M-35/584-10
584-M-35/584-24
584-M-35/584-22
584-M-35/584-6
584-M-35/584-17
584-M-35/584-9
790-M-29/790-9
790-M-29/790-3
790-M-29/790-19
790-M-29/790-8
790-M-29/790-7
790-M-29/790-17
790-M-29/790-10
790-M-29/790-11
790-M-29/790-5
790-M-29/790-14
790-M-29/790-24
790-M-29/790-2
790-M-29/790-18
790-M-29/790-22
790-M-29/790-4
790-M-29/790-20
790-M-29/790-21
790-M-29/790-16
790-M-29/790-15
790-M-29/790-6
790-M-29/790
790-M-29/790-23
790-M-29/790-13
790-M-29/790-12
577-M-27/577-20
577-M-27/577-M-27
577-M-27/577-4
577-M-27/577-9
577-M-27/577-3
577-M-27/577-19
577-M-27/577-13
577-M-27/577-6
577-M-27/577-23
577-M-27/577-11
577-M-27/577-24
577-M-27/577
577-M-27/577-22
577-M-27/577-16
577-M-27/577-2
577-M-27/577-10
577-M-27/577-8
577-M-27/577-12
577-M-27/577-17
577-M-27/577-15
577-M-27/577-14
577-M-27/577-25
577-M-27/577-18
577-M-27/577-21
577-M-27/577-7
577-M-27/577-5
713-F-27/713-6
713-F-27/713-3
713-F-27/713-13
713-F-27/713
713-F-27/713-2
713-F-27/713-11
713-F-27/713-9
713-F-27/713-8
713-F-27/713-12
713-F-27/713-15
713-F-27/713-5
713-F-27/713-10
713-F-27/713-14
713-F-27/713-4
713-F-27/713-7
653-M-33/653-25
653-M-33/653-18
653-M-33/653-M-33
653-M-33/653-23
653-M-33/653-26
653-M-33/653-5
653-M-33/653-28
653-M-33/653-6
653-M-33/653-12
653-M-33/653-2
653-M-33/653-27
653-M-33/653-13
653-M-33/653-11
653-M-33/653-22
653-M-33/653-19
653-M-33/653-3
653-M-33/653-7
653-M-33/653-9
653-M-33/653-20
653-M-33/653-14
653-M-33/653-8
653-M-33/653-21
653-M-33/653-17
653-M-33/653-16
653-M-33/653-10
653-M-33/653-29
653-M-33/653-15
653-M-33/653
653-M-33/653-4
653-M-33/653-24
781-F-26/781-3
781-F-26/781-4
781-F-26/781-8
781-F-26/781-6
781-F-26/781
781-F-26/781-5
781-F-26/781-22
781-F-26/781-9
781-F-26/781-7
781-F-26/781-2
805-F-27/805-6
805-F-27/805
805-F-27/805-4
805-F-27/805-15
805-F-27/805-5
805-F-27/805-8
805-F-27/805-2
805-F-27/805-13
805-F-27/805-12
805-F-27/805-9
805-F-27/805-10
805-F-27/805-7
805-F-27/805-14
805-F-27/805-11
805-F-27/805-16
805-F-27/805-3
